<?xml version="1.0" encoding="UTF-8"?>
<!-- Generated by org.testng.reporters.JUnitReportReporter -->
<testsuite hostname="DESKTOP-8S5E5BG" failures="0" tests="1" name="Mongo.TEST" time="4.189" errors="0" timestamp="2023-04-07T15:45:08 IST" skipped="0">
  <testcase classname="Mongo.TEST" name="m1" time="4.189"/>
  <system-out/>
</testsuite> <!-- Mongo.TEST -->
